
analyzer: system execution failed.
Following is the set of recorded exceptions:

******************************** Thread exception *****************************
In thread           Root thread            0x0 (thread id)
*******************************************************************************
-------------------------------------------------------------------------------
Class / Object      Routine                Nature of exception           Effect
-------------------------------------------------------------------------------
LINKED_STACK        item @2                attached first_element as f: 
<0000000005E67188>                         Assertion violated.           Fail
-------------------------------------------------------------------------------
LINKED_STACK        item @2                                             
<0000000005E67188>                         Routine failure.              Fail
-------------------------------------------------------------------------------
ANALYZER            visit_pre_order @22                                 
<0000000005E670F8>                         Routine failure.              Fail
-------------------------------------------------------------------------------
ANALYZER            bool_value @3                                       
<0000000005E670F8>                         Routine failure.              Fail
-------------------------------------------------------------------------------
ETF_BOOL_VALUE      bool_value @3                                       
<0000000005FF12A8>                         Routine failure.              Fail
-------------------------------------------------------------------------------
PROCEDURE           fast_call                                           
<0000000005FF14F8>                         Routine failure.              Fail
-------------------------------------------------------------------------------
PROCEDURE           call @3                                             
<0000000005FF14F8>                         Routine failure.              Fail
-------------------------------------------------------------------------------
PROCEDURE           apply @2                                            
<0000000005FF14F8>                         Routine failure.              Fail
-------------------------------------------------------------------------------
ETF_ABSTRACT_UI     run_input_commands @2                               
<0000000005FECF98>  (From ETF_ABSTRACT_UI_INTERFACE)
                                           Routine failure.              Fail
-------------------------------------------------------------------------------
ETF_SOFTWARE_OPERATION
                    execute_without_log @7 
<0000000005E67098>  (From ETF_SOFTWARE_OPERATION_INTERFACE)
                                           Routine failure.              Fail
-------------------------------------------------------------------------------
ROOT                handle_interactive_mode @20
<0000000005E665A8>  (From ETF_CMD_LINE_ROOT_INTERFACE)
                                           Routine failure.              Fail
-------------------------------------------------------------------------------
ROOT                make @21                                            
<0000000005E665A8>  (From ETF_CMD_LINE_ROOT_INTERFACE)
                                           Routine failure.              Fail
-------------------------------------------------------------------------------
ROOT                make @16                                            
<0000000005E665A8>  (From ETF_ROOT_INTERFACE)
                                           Routine failure.              Rescue
-------------------------------------------------------------------------------
ROOT                root's creation                                     
<0000000005E665A8>                         Routine failure.              Exit
-------------------------------------------------------------------------------

analyzer: system execution failed.
Following is the set of recorded exceptions:

******************************** Thread exception *****************************
In thread           Root thread            0x0 (thread id)
*******************************************************************************
-------------------------------------------------------------------------------
Class / Object      Routine                Nature of exception           Effect
-------------------------------------------------------------------------------
LINKED_STACK        item @2                attached first_element as f: 
<0000000005BEA4C8>                         Assertion violated.           Fail
-------------------------------------------------------------------------------
LINKED_STACK        item @2                                             
<0000000005BEA4C8>                         Routine failure.              Fail
-------------------------------------------------------------------------------
ANALYZER            visit_pre_order @22                                 
<0000000005BEA438>                         Routine failure.              Fail
-------------------------------------------------------------------------------
ANALYZER            bool_value @3                                       
<0000000005BEA438>                         Routine failure.              Fail
-------------------------------------------------------------------------------
ETF_BOOL_VALUE      bool_value @3                                       
<0000000005C84C18>                         Routine failure.              Fail
-------------------------------------------------------------------------------
PROCEDURE           fast_call                                           
<0000000005C84E68>                         Routine failure.              Fail
-------------------------------------------------------------------------------
PROCEDURE           call @3                                             
<0000000005C84E68>                         Routine failure.              Fail
-------------------------------------------------------------------------------
PROCEDURE           apply @2                                            
<0000000005C84E68>                         Routine failure.              Fail
-------------------------------------------------------------------------------
ETF_ABSTRACT_UI     run_input_commands @2                               
<0000000005BEB068>  (From ETF_ABSTRACT_UI_INTERFACE)
                                           Routine failure.              Fail
-------------------------------------------------------------------------------
ETF_SOFTWARE_OPERATION
                    execute @9             
<0000000005BEA3D8>  (From ETF_SOFTWARE_OPERATION_INTERFACE)
                                           Routine failure.              Fail
-------------------------------------------------------------------------------
ROOT                exec @3                                             
<0000000005BE65A8>  (From ETF_CMD_LINE_ROOT_INTERFACE)
                                           Routine failure.              Fail
-------------------------------------------------------------------------------
ROOT                handle_batch_mode @5                                
<0000000005BE65A8>  (From ETF_CMD_LINE_ROOT_INTERFACE)
                                           Routine failure.              Fail
-------------------------------------------------------------------------------
ROOT                make @27                                            
<0000000005BE65A8>  (From ETF_CMD_LINE_ROOT_INTERFACE)
                                           Routine failure.              Fail
-------------------------------------------------------------------------------
ROOT                make @16                                            
<0000000005BE65A8>  (From ETF_ROOT_INTERFACE)
                                           Routine failure.              Rescue
-------------------------------------------------------------------------------
ROOT                root's creation                                     
<0000000005BE65A8>                         Routine failure.              Exit
-------------------------------------------------------------------------------

analyzer: system execution failed.
Following is the set of recorded exceptions:

******************************** Thread exception *****************************
In thread           Root thread            0x0 (thread id)
*******************************************************************************
-------------------------------------------------------------------------------
Class / Object      Routine                Nature of exception           Effect
-------------------------------------------------------------------------------
LINKED_STACK        item @2                attached first_element as f: 
<0000000005BB64C8>                         Assertion violated.           Fail
-------------------------------------------------------------------------------
LINKED_STACK        item @2                                             
<0000000005BB64C8>                         Routine failure.              Fail
-------------------------------------------------------------------------------
ANALYZER            visit_pre_order @22                                 
<0000000005BB6438>                         Routine failure.              Fail
-------------------------------------------------------------------------------
ANALYZER            bool_value @3                                       
<0000000005BB6438>                         Routine failure.              Fail
-------------------------------------------------------------------------------
ETF_BOOL_VALUE      bool_value @3                                       
<0000000005C50C18>                         Routine failure.              Fail
-------------------------------------------------------------------------------
PROCEDURE           fast_call                                           
<0000000005C50E68>                         Routine failure.              Fail
-------------------------------------------------------------------------------
PROCEDURE           call @3                                             
<0000000005C50E68>                         Routine failure.              Fail
-------------------------------------------------------------------------------
PROCEDURE           apply @2                                            
<0000000005C50E68>                         Routine failure.              Fail
-------------------------------------------------------------------------------
ETF_ABSTRACT_UI     run_input_commands @2                               
<0000000005BB7068>  (From ETF_ABSTRACT_UI_INTERFACE)
                                           Routine failure.              Fail
-------------------------------------------------------------------------------
ETF_SOFTWARE_OPERATION
                    execute @9             
<0000000005BB63D8>  (From ETF_SOFTWARE_OPERATION_INTERFACE)
                                           Routine failure.              Fail
-------------------------------------------------------------------------------
ROOT                exec @3                                             
<0000000005BB25A8>  (From ETF_CMD_LINE_ROOT_INTERFACE)
                                           Routine failure.              Fail
-------------------------------------------------------------------------------
ROOT                handle_batch_mode @5                                
<0000000005BB25A8>  (From ETF_CMD_LINE_ROOT_INTERFACE)
                                           Routine failure.              Fail
-------------------------------------------------------------------------------
ROOT                make @27                                            
<0000000005BB25A8>  (From ETF_CMD_LINE_ROOT_INTERFACE)
                                           Routine failure.              Fail
-------------------------------------------------------------------------------
ROOT                make @16                                            
<0000000005BB25A8>  (From ETF_ROOT_INTERFACE)
                                           Routine failure.              Rescue
-------------------------------------------------------------------------------
ROOT                root's creation                                     
<0000000005BB25A8>                         Routine failure.              Exit
-------------------------------------------------------------------------------

analyzer: system execution failed.
Following is the set of recorded exceptions:

******************************** Thread exception *****************************
In thread           Root thread            0x0 (thread id)
*******************************************************************************
-------------------------------------------------------------------------------
Class / Object      Routine                Nature of exception           Effect
-------------------------------------------------------------------------------
LINKED_STACK        item @2                attached first_element as f: 
<0000000005A5D188>                         Assertion violated.           Fail
-------------------------------------------------------------------------------
LINKED_STACK        item @2                                             
<0000000005A5D188>                         Routine failure.              Fail
-------------------------------------------------------------------------------
ANALYZER            expression_value @3                                 
<0000000005A5D0F8>                         Routine failure.              Fail
-------------------------------------------------------------------------------
ANALYZER            int_value @3                                        
<0000000005A5D0F8>                         Routine failure.              Fail
-------------------------------------------------------------------------------
ETF_INT_VALUE       int_value @3                                        
<0000000005B78D48>                         Routine failure.              Fail
-------------------------------------------------------------------------------
PROCEDURE           fast_call                                           
<0000000005B78F98>                         Routine failure.              Fail
-------------------------------------------------------------------------------
PROCEDURE           call @3                                             
<0000000005B78F98>                         Routine failure.              Fail
-------------------------------------------------------------------------------
PROCEDURE           apply @2                                            
<0000000005B78F98>                         Routine failure.              Fail
-------------------------------------------------------------------------------
ETF_ABSTRACT_UI     run_input_commands @2                               
<0000000005B74488>  (From ETF_ABSTRACT_UI_INTERFACE)
                                           Routine failure.              Fail
-------------------------------------------------------------------------------
ETF_SOFTWARE_OPERATION
                    execute_without_log @7 
<0000000005A5D098>  (From ETF_SOFTWARE_OPERATION_INTERFACE)
                                           Routine failure.              Fail
-------------------------------------------------------------------------------
ROOT                handle_interactive_mode @20
<0000000005A5C5A8>  (From ETF_CMD_LINE_ROOT_INTERFACE)
                                           Routine failure.              Fail
-------------------------------------------------------------------------------
ROOT                make @21                                            
<0000000005A5C5A8>  (From ETF_CMD_LINE_ROOT_INTERFACE)
                                           Routine failure.              Fail
-------------------------------------------------------------------------------
ROOT                make @16                                            
<0000000005A5C5A8>  (From ETF_ROOT_INTERFACE)
                                           Routine failure.              Rescue
-------------------------------------------------------------------------------
ROOT                root's creation                                     
<0000000005A5C5A8>                         Routine failure.              Exit
-------------------------------------------------------------------------------
